
Unigraphics NX2506.1700 / 2D Exchange

Reading part: D:\Program Files\NX\模型model\model-try.prt


Writing part: C:\Users\ASUS\AppData\Local\Temp\ASUSreodzp0q6sgdp.prt

Elapsed time   :    0 minutes,  0 seconds
Actual CPU Time:    0 minutes,  1 seconds

INFO-
INFO-		Unigraphics Version NX2506.1700 to AutoCAD 2004
INFO-		
INFO-
INFO-		Running UGTODWG Translator .....
INFO-
INFO-		Start of Translation: Fri Sep 26 00:03:06 2025
INFO-
STATUS-		Converting C:\Users\ASUS\AppData\Local\Temp\ASUSreodzp0q6sgdp.prt
STATUS-
----------------------------------------------------------------------------
SUMMARY-                     Warnings
----------------------------------------------------------------------------
1. Font file <txt.shx> not found.
   For text translation improvement, set environment variable DXFDWG_FONTS_DIR to directory contaning font files
   OR place this font file at location pointed to by DXFDWG_DIR.
-------------------------------End------------------------------------------

SUMMARY-
SUMMARY-	Summary of Unigraphics Input Entities
SUMMARY-	For Unigraphics File: C:\Users\ASUS\AppData\Local\Temp\ASUSreodzp0q6sgdp.prt
SUMMARY-	------------------------------------------------------------------
SUMMARY-	Entity Type					Count
SUMMARY-	------------------------------------------------------------------
SUMMARY-	Line .....................................:	31
SUMMARY-	Point ....................................:	1
SUMMARY-	Arc ......................................:	27
SUMMARY-	Circle ...................................:	7
SUMMARY-	Conic ....................................:	10
SUMMARY-	Spline ...................................:	20
SUMMARY-	------------------------------------------------------------------
SUMMARY-	Total ....................................:	96
SUMMARY-	------------------------------------------------------------------
SUMMARY-
STATUS-
INFO-
INFO-		Writing File: D:\Program Files\NX\模型model\model-try.dwg
SUMMARY-	Summary of AutoCAD Output Entities
SUMMARY-	------------------------------------------------------------------
SUMMARY-	Entity Type					Count
SUMMARY-	------------------------------------------------------------------
SUMMARY-	Arc ......................................:	27
SUMMARY-	Circle ...................................:	7
SUMMARY-	Spline ...................................:	20
SUMMARY-	Point ....................................:	1
SUMMARY-	Line .....................................:	31
SUMMARY-	Ellipse ..................................:	10
SUMMARY-	Layout ...................................:	6
SUMMARY-	------------------------------------------------------------------
SUMMARY-	Total ....................................:	102
SUMMARY-	------------------------------------------------------------------
SUMMARY-
INFO-
INFO-		End of Translation: Fri Sep 26 00:03:07 2025
INFO-		Translation CPU time: 0 m, 0 sINFO-
